<?xml version="1.0" encoding="UTF-8"?>
<!-- Generated by org.testng.reporters.JUnitXMLReporter -->
<testsuite hostname="DESKTOP-N9QFJ52" ignored="0" name="Test" tests="2" failures="1" timestamp="2021-12-08T13:45:26 IST" time="21.298" errors="0">
  <testcase name="enterDataInPropertyFile" time="0.013" classname="myHooks.WritingData"/>
  <testcase name="runScenario" time="20.533" classname="io.cucumber.testng.AbstractTestNGCucumberTests">
    <failure type="java.lang.AssertionError" message="expected [true] but found [false]">
      <![CDATA[java.lang.AssertionError: expected [true] but found [false]
at stepDefinations.StepDefination.user_check_the_list_box(StepDefination.java:31)
at âœ½.user check the list box(file:///C:/Users/ignite/git/mavenproject/src/test/resources/features/feature2.feature:6)
... Removed 4 stack frames]]>
    </failure>
  </testcase> <!-- runScenario -->
</testsuite> <!-- Test -->
