<?xml version="1.0" encoding="UTF-8"?>
<testng-results skipped="0" failed="1" ignored="0" total="2" passed="1">
  <reporter-output>
  </reporter-output>
  <suite name="Suite" duration-ms="21298" started-at="2021-12-08T13:45:04 IST" finished-at="2021-12-08T13:45:26 IST">
    <groups>
      <group name="cucumber">
        <method signature="AbstractTestNGCucumberTests.runScenario(io.cucumber.testng.PickleWrapper,io.cucumber.testng.FeatureWrapper)[pri:0, instance:testRuns.TestRunner1@32eebfca]" name="runScenario" class="io.cucumber.testng.AbstractTestNGCucumberTests"/>
      </group> <!-- cucumber -->
    </groups>
    <test name="Test" duration-ms="21298" started-at="2021-12-08T13:45:04 IST" finished-at="2021-12-08T13:45:26 IST">
      <class name="myHooks.WritingData">
        <test-method status="PASS" signature="enterDataInPropertyFile(java.lang.String,java.lang.String)[pri:0, instance:myHooks.WritingData@3aeaafa6]" name="enterDataInPropertyFile" duration-ms="13" started-at="2021-12-08T13:45:04 IST" finished-at="2021-12-08T13:45:04 IST">
          <params>
            <param index="0">
              <value>
                <![CDATA[chrome]]>
              </value>
            </param>
            <param index="1">
              <value>
                <![CDATA[https://crossbrowsertesting.github.io/]]>
              </value>
            </param>
          </params>
          <reporter-output>
          </reporter-output>
        </test-method> <!-- enterDataInPropertyFile -->
      </class> <!-- myHooks.WritingData -->
      <class name="testRuns.TestRunner1">
        <test-method status="PASS" signature="setUpClass(org.testng.ITestContext)[pri:0, instance:testRuns.TestRunner1@32eebfca]" name="setUpClass" is-config="true" duration-ms="528" started-at="2021-12-08T13:45:04 IST" finished-at="2021-12-08T13:45:05 IST">
          <params>
            <param index="0">
              <value>
                <![CDATA[org.testng.TestRunner@5ff60a8c]]>
              </value>
            </param>
          </params>
          <reporter-output>
          </reporter-output>
        </test-method> <!-- setUpClass -->
        <test-method status="FAIL" signature="runScenario(io.cucumber.testng.PickleWrapper,io.cucumber.testng.FeatureWrapper)[pri:0, instance:testRuns.TestRunner1@32eebfca]" name="runScenario" duration-ms="20533" started-at="2021-12-08T13:45:05 IST" description="Runs Cucumber Scenarios" data-provider="scenarios" finished-at="2021-12-08T13:45:26 IST">
          <params>
            <param index="0">
              <value>
                <![CDATA["scenario1"]]>
              </value>
            </param>
            <param index="1">
              <value>
                <![CDATA["Optional[feature2]"]]>
              </value>
            </param>
          </params>
          <exception class="java.lang.AssertionError">
            <message>
              <![CDATA[expected [true] but found [false]]]>
            </message>
            <full-stacktrace>
              <![CDATA[java.lang.AssertionError: expected [true] but found [false]
at org.testng.Assert.fail(Assert.java:99)
at org.testng.Assert.failNotEquals(Assert.java:1037)
at org.testng.Assert.assertTrue(Assert.java:45)
at org.testng.Assert.assertTrue(Assert.java:55)
at stepDefinations.StepDefination.user_check_the_list_box(StepDefination.java:31)
at âœ½.user check the list box(file:///C:/Users/ignite/git/mavenproject/src/test/resources/features/feature2.feature:6)
]]>
            </full-stacktrace>
          </exception> <!-- java.lang.AssertionError -->
          <reporter-output>
          </reporter-output>
        </test-method> <!-- runScenario -->
        <test-method status="PASS" signature="tearDownClass()[pri:0, instance:testRuns.TestRunner1@32eebfca]" name="tearDownClass" is-config="true" duration-ms="57" started-at="2021-12-08T13:45:26 IST" finished-at="2021-12-08T13:45:26 IST">
          <reporter-output>
          </reporter-output>
        </test-method> <!-- tearDownClass -->
      </class> <!-- testRuns.TestRunner1 -->
    </test> <!-- Test -->
  </suite> <!-- Suite -->
</testng-results>
