<?xml version="1.0" encoding="UTF-8"?>
<!-- Generated by org.testng.reporters.JUnitReportReporter -->
<testsuite skipped="0" hostname="DESKTOP-N9QFJ52" name="testRuns.TestRunner1" tests="1" failures="1" timestamp="2021-12-08T13:45:26 IST" time="20.533" errors="0">
  <testcase name="runScenario" time="20.533" classname="testRuns.TestRunner1">
    <failure type="java.lang.AssertionError" message="expected [true] but found [false]">
      <![CDATA[java.lang.AssertionError: expected [true] but found [false]
at org.testng.Assert.fail(Assert.java:99)
at org.testng.Assert.failNotEquals(Assert.java:1037)
at org.testng.Assert.assertTrue(Assert.java:45)
at org.testng.Assert.assertTrue(Assert.java:55)
at stepDefinations.StepDefination.user_check_the_list_box(StepDefination.java:31)
at âœ½.user check the list box(file:///C:/Users/ignite/git/mavenproject/src/test/resources/features/feature2.feature:6)
]]>
    </failure>
  </testcase> <!-- runScenario -->
  <system-out/>
</testsuite> <!-- testRuns.TestRunner1 -->
